<?xml version="1.0" encoding="UTF-8"?>
<!-- Generated by org.testng.reporters.JUnitReportReporter -->
<testsuite hostname="INH-LT533" failures="0" tests="1" name="ayushjain.Tests.ErrorValidationsTest" time="12.472" errors="0" timestamp="2024-02-23T17:58:16 IST" skipped="0">
  <testcase classname="ayushjain.Tests.ErrorValidationsTest" name="loginErrorValidation" time="12.472"/>
</testsuite> <!-- ayushjain.Tests.ErrorValidationsTest -->
