<?xml version="1.0" encoding="UTF-8"?>
<!-- Generated by org.testng.reporters.JUnitReportReporter -->
<testsuite hostname="INH-LT533" failures="0" tests="2" name="ayushjain.Tests.SubmitOrderTest" time="30.734" errors="0" timestamp="2024-02-23T23:21:59 IST" skipped="0">
  <testcase classname="ayushjain.Tests.SubmitOrderTest" name="submitOrder" time="14.146"/>
  <testcase classname="ayushjain.Tests.SubmitOrderTest" name="submitOrder" time="16.588"/>
</testsuite> <!-- ayushjain.Tests.SubmitOrderTest -->
